#-----------------------------------------------------------
# Vivado v2017.4 (64-bit)
# SW Build 2086221 on Fri Dec 15 20:55:39 MST 2017
# IP Build 2085800 on Fri Dec 15 22:25:07 MST 2017
# Start of session at: Wed Feb 26 12:19:18 2020
# Process ID: 9596
# Current directory: E:/edinburgh/DigitalSystemDesign/MicroprocessorMouse
# Command line: vivado.exe -gui_launcher_event rodinguilauncherevent5508 E:\edinburgh\DigitalSystemDesign\MicroprocessorMouse\Mouse.xpr
# Log file: E:/edinburgh/DigitalSystemDesign/MicroprocessorMouse/vivado.log
# Journal file: E:/edinburgh/DigitalSystemDesign/MicroprocessorMouse\vivado.jou
#-----------------------------------------------------------
start_gui
open_project E:/edinburgh/DigitalSystemDesign/MicroprocessorMouse/Mouse.xpr
INFO: [Project 1-313] Project file moved from 'E:/edinburgh/DigitalSystemDesign/MouseNew' since last save.
Scanning sources...
Finished scanning sources
INFO: [IP_Flow 19-234] Refreshing IP repositories
INFO: [IP_Flow 19-1704] No user IP repositories specified
INFO: [IP_Flow 19-2313] Loaded Vivado IP repository 'D:/Vivado2017.4/Vivado/2017.4/data/ip'.
open_project: Time (s): cpu = 00:00:20 ; elapsed = 00:00:11 . Memory (MB): peak = 787.961 ; gain = 76.453
update_compile_order -fileset sources_1
close [ open E:/edinburgh/DigitalSystemDesign/MicroprocessorMouse/Mouse.srcs/sources_1/new/Timer.v w ]
add_files E:/edinburgh/DigitalSystemDesign/MicroprocessorMouse/Mouse.srcs/sources_1/new/Timer.v
update_compile_order -fileset sources_1
close [ open E:/edinburgh/DigitalSystemDesign/MicroprocessorMouse/Mouse.srcs/sources_1/new/ROM.v w ]
add_files E:/edinburgh/DigitalSystemDesign/MicroprocessorMouse/Mouse.srcs/sources_1/new/ROM.v
update_compile_order -fileset sources_1
close [ open E:/edinburgh/DigitalSystemDesign/MicroprocessorMouse/Mouse.srcs/sources_1/new/RAM.v w ]
add_files E:/edinburgh/DigitalSystemDesign/MicroprocessorMouse/Mouse.srcs/sources_1/new/RAM.v
update_compile_order -fileset sources_1
close [ open E:/edinburgh/DigitalSystemDesign/MicroprocessorMouse/Mouse.srcs/sources_1/new/ALU.v w ]
add_files E:/edinburgh/DigitalSystemDesign/MicroprocessorMouse/Mouse.srcs/sources_1/new/ALU.v
update_compile_order -fileset sources_1
close [ open E:/edinburgh/DigitalSystemDesign/MicroprocessorMouse/Mouse.srcs/sources_1/new/Processor.v w ]
add_files E:/edinburgh/DigitalSystemDesign/MicroprocessorMouse/Mouse.srcs/sources_1/new/Processor.v
update_compile_order -fileset sources_1
exit
INFO: [Common 17-206] Exiting Vivado at Wed Feb 26 20:24:27 2020...
