#-----------------------------------------------------------
# Vivado v2017.4 (64-bit)
# SW Build 2086221 on Fri Dec 15 20:55:39 MST 2017
# IP Build 2085800 on Fri Dec 15 22:25:07 MST 2017
# Start of session at: Thu Feb 27 09:38:08 2020
# Process ID: 2216
# Current directory: E:/edinburgh/DigitalSystemDesign/MicroprocessorMouse
# Command line: vivado.exe -gui_launcher_event rodinguilauncherevent2064 E:\edinburgh\DigitalSystemDesign\MicroprocessorMouse\MicroprocessorMouse.xpr
# Log file: E:/edinburgh/DigitalSystemDesign/MicroprocessorMouse/vivado.log
# Journal file: E:/edinburgh/DigitalSystemDesign/MicroprocessorMouse\vivado.jou
#-----------------------------------------------------------
start_gui
open_project E:/edinburgh/DigitalSystemDesign/MicroprocessorMouse/MicroprocessorMouse.xpr
CRITICAL WARNING: [Project 1-19] Could not find the file 'E:/edinburgh/DigitalSystemDesign/MicroprocessorMouse/MicroprocessorMouse.srcs/sources_1/new/GenericCounter.v'.
CRITICAL WARNING: [Project 1-19] Could not find the file 'E:/edinburgh/DigitalSystemDesign/MicroprocessorMouse/MicroprocessorMouse.srcs/sources_1/new/MouseMasterSM.v'.
CRITICAL WARNING: [Project 1-19] Could not find the file 'E:/edinburgh/DigitalSystemDesign/MicroprocessorMouse/MicroprocessorMouse.srcs/sources_1/new/MouseReceiver.v'.
CRITICAL WARNING: [Project 1-19] Could not find the file 'E:/edinburgh/DigitalSystemDesign/MicroprocessorMouse/MicroprocessorMouse.srcs/sources_1/new/MouseTransceiver.v'.
CRITICAL WARNING: [Project 1-19] Could not find the file 'E:/edinburgh/DigitalSystemDesign/MicroprocessorMouse/MicroprocessorMouse.srcs/sources_1/new/MouseTransmitter.v'.
CRITICAL WARNING: [Project 1-19] Could not find the file 'E:/edinburgh/DigitalSystemDesign/MicroprocessorMouse/MicroprocessorMouse.srcs/sources_1/new/Muliplexer_4way.v'.
CRITICAL WARNING: [Project 1-19] Could not find the file 'E:/edinburgh/DigitalSystemDesign/MicroprocessorMouse/MicroprocessorMouse.srcs/sources_1/new/Seg7Display.v'.
CRITICAL WARNING: [Project 1-19] Could not find the file 'E:/edinburgh/DigitalSystemDesign/MicroprocessorMouse/MicroprocessorMouse.srcs/sources_1/new/TopWrapper.v'.
CRITICAL WARNING: [Project 1-19] Could not find the file 'E:/edinburgh/DigitalSystemDesign/MicroprocessorMouse/MicroprocessorMouse.srcs/sources_1/new/Timer.v'.
CRITICAL WARNING: [Project 1-19] Could not find the file 'E:/edinburgh/DigitalSystemDesign/MicroprocessorMouse/MicroprocessorMouse.srcs/sources_1/new/ROM.v'.
CRITICAL WARNING: [Project 1-19] Could not find the file 'E:/edinburgh/DigitalSystemDesign/MicroprocessorMouse/MicroprocessorMouse.srcs/sources_1/new/RAM.v'.
CRITICAL WARNING: [Project 1-19] Could not find the file 'E:/edinburgh/DigitalSystemDesign/MicroprocessorMouse/MicroprocessorMouse.srcs/sources_1/new/ALU.v'.
CRITICAL WARNING: [Project 1-19] Could not find the file 'E:/edinburgh/DigitalSystemDesign/MicroprocessorMouse/MicroprocessorMouse.srcs/sources_1/new/Processor.v'.
CRITICAL WARNING: [Project 1-19] Could not find the file 'E:/edinburgh/DigitalSystemDesign/MicroprocessorMouse/MicroprocessorMouse.srcs/constrs_1/new/MouseConstraint.xdc'.
CRITICAL WARNING: [Project 1-19] Could not find the file 'E:/edinburgh/DigitalSystemDesign/MicroprocessorMouse/MicroprocessorMouse.srcs/sim_1/new/TSimulation.v'.
CRITICAL WARNING: [Project 1-19] Could not find the file 'E:/edinburgh/DigitalSystemDesign/MicroprocessorMouse/MicroprocessorMouse.srcs/sim_1/new/RSimulation.v'.
CRITICAL WARNING: [Project 1-19] Could not find the file 'E:/edinburgh/DigitalSystemDesign/MicroprocessorMouse/MicroprocessorMouse.srcs/sim_1/new/MSMSimulation.v'.
CRITICAL WARNING: [Project 1-19] Could not find the file 'E:/edinburgh/DigitalSystemDesign/MicroprocessorMouse/MicroprocessorMouse.srcs/sim_1/new/TRSimulation.v'.
CRITICAL WARNING: [Project 1-19] Could not find the file 'E:/edinburgh/DigitalSystemDesign/MicroprocessorMouse/MicroprocessorMouse.srcs/sources_1/ip/ila_0/ila_0.xci'.
Scanning sources...
Finished scanning sources
WARNING: [Project 1-509] GeneratedRun file for 'synth_1' not found
WARNING: [Project 1-509] GeneratedRun file for 'ila_0_synth_1' not found
WARNING: [Project 1-509] GeneratedRun file for 'impl_1' not found
WARNING: [filemgmt 56-3] IPUserFilesDir: Could not find the directory 'E:/edinburgh/DigitalSystemDesign/MicroprocessorMouse/MicroprocessorMouse.ip_user_files'.
ERROR: [IP_Flow 19-993] Could not find IP file for IP 'ila_0'.
CRITICAL WARNING: [IP_Flow 19-5097] Unable to determine VLNV from IP file; verify it has the correct syntax: 
INFO: [IP_Flow 19-234] Refreshing IP repositories
INFO: [IP_Flow 19-1704] No user IP repositories specified
INFO: [IP_Flow 19-2313] Loaded Vivado IP repository 'D:/Vivado2017.4/Vivado/2017.4/data/ip'.
open_project: Time (s): cpu = 00:00:14 ; elapsed = 00:00:05 . Memory (MB): peak = 756.273 ; gain = 33.965
ERROR: [Common 17-39] 'open_project' failed due to earlier errors.
update_compile_order -fileset sources_1
update_compile_order -fileset sim_1
exit
INFO: [Common 17-206] Exiting Vivado at Thu Feb 27 09:40:21 2020...
