#-----------------------------------------------------------
# Vivado v2017.4 (64-bit)
# SW Build 2086221 on Fri Dec 15 20:55:39 MST 2017
# IP Build 2085800 on Fri Dec 15 22:25:07 MST 2017
# Start of session at: Wed Feb 26 10:27:55 2020
# Process ID: 7884
# Current directory: E:/edinburgh/DigitalSystemDesign/MouseNew
# Command line: vivado.exe -gui_launcher_event rodinguilauncherevent8968 E:\edinburgh\DigitalSystemDesign\MouseNew\Mouse.xpr
# Log file: E:/edinburgh/DigitalSystemDesign/MouseNew/vivado.log
# Journal file: E:/edinburgh/DigitalSystemDesign/MouseNew\vivado.jou
#-----------------------------------------------------------
start_gui
open_project E:/edinburgh/DigitalSystemDesign/MouseNew/Mouse.xpr
Scanning sources...
Finished scanning sources
INFO: [IP_Flow 19-234] Refreshing IP repositories
INFO: [IP_Flow 19-1704] No user IP repositories specified
INFO: [IP_Flow 19-2313] Loaded Vivado IP repository 'D:/Vivado2017.4/Vivado/2017.4/data/ip'.
open_project: Time (s): cpu = 00:00:21 ; elapsed = 00:00:16 . Memory (MB): peak = 791.586 ; gain = 79.152
update_compile_order -fileset sources_1
close_project
open_project {E:/edinburgh/DigitalSystemDesign/DSD4-master/DSD4-master/IR and Mouse/IR and Mouse.xpr}
Scanning sources...
Finished scanning sources
INFO: [IP_Flow 19-234] Refreshing IP repositories
INFO: [IP_Flow 19-1704] No user IP repositories specified
INFO: [IP_Flow 19-2313] Loaded Vivado IP repository 'D:/Vivado2017.4/Vivado/2017.4/data/ip'.
WARNING: [IP_Flow 19-3664] IP 'ila_0' generated file not found 'e:/edinburgh/DigitalSystemDesign/DSD4-master/DSD4-master/IR and Mouse/IR and Mouse.srcs/sources_1/ip/ila_0/ila_0.veo'. Please regenerate to continue.
WARNING: [IP_Flow 19-3664] IP 'ila_0' generated file not found 'e:/edinburgh/DigitalSystemDesign/DSD4-master/DSD4-master/IR and Mouse/IR and Mouse.srcs/sources_1/ip/ila_0/ila_0_stub.vhdl'. Please regenerate to continue.
WARNING: [IP_Flow 19-3664] IP 'ila_0' generated file not found 'e:/edinburgh/DigitalSystemDesign/DSD4-master/DSD4-master/IR and Mouse/IR and Mouse.srcs/sources_1/ip/ila_0/ila_0_funcsim.vhdl'. Please regenerate to continue.
open_project: Time (s): cpu = 00:00:07 ; elapsed = 00:00:05 . Memory (MB): peak = 801.777 ; gain = 4.469
