#-----------------------------------------------------------
# Vivado v2017.4 (64-bit)
# SW Build 2086221 on Fri Dec 15 20:55:39 MST 2017
# IP Build 2085800 on Fri Dec 15 22:25:07 MST 2017
# Start of session at: Thu Feb 27 09:36:07 2020
# Process ID: 6464
# Current directory: E:/edinburgh/DigitalSystemDesign/MicroprocessorMouse
# Command line: vivado.exe -gui_launcher_event rodinguilauncherevent5500 E:\edinburgh\DigitalSystemDesign\MicroprocessorMouse\Mouse.xpr
# Log file: E:/edinburgh/DigitalSystemDesign/MicroprocessorMouse/vivado.log
# Journal file: E:/edinburgh/DigitalSystemDesign/MicroprocessorMouse\vivado.jou
#-----------------------------------------------------------
start_gui
open_project E:/edinburgh/DigitalSystemDesign/MicroprocessorMouse/Mouse.xpr
Scanning sources...
Finished scanning sources
INFO: [IP_Flow 19-234] Refreshing IP repositories
INFO: [IP_Flow 19-1704] No user IP repositories specified
INFO: [IP_Flow 19-2313] Loaded Vivado IP repository 'D:/Vivado2017.4/Vivado/2017.4/data/ip'.
open_project: Time (s): cpu = 00:00:20 ; elapsed = 00:00:11 . Memory (MB): peak = 801.719 ; gain = 71.699
update_compile_order -fileset sources_1
exit
INFO: [Common 17-206] Exiting Vivado at Thu Feb 27 09:37:41 2020...
