#-----------------------------------------------------------
# Vivado v2017.4 (64-bit)
# SW Build 2086221 on Fri Dec 15 20:55:39 MST 2017
# IP Build 2085800 on Fri Dec 15 22:25:07 MST 2017
# Start of session at: Thu Jan 23 09:54:54 2020
# Process ID: 7668
# Current directory: E:/edinburgh/DigitalSystemDesign/Mouse
# Command line: vivado.exe -gui_launcher_event rodinguilauncherevent9144 E:\edinburgh\DigitalSystemDesign\Mouse\Mouse.xpr
# Log file: E:/edinburgh/DigitalSystemDesign/Mouse/vivado.log
# Journal file: E:/edinburgh/DigitalSystemDesign/Mouse\vivado.jou
#-----------------------------------------------------------
start_gui
open_project E:/edinburgh/DigitalSystemDesign/Mouse/Mouse.xpr
Scanning sources...
Finished scanning sources
INFO: [IP_Flow 19-234] Refreshing IP repositories
INFO: [IP_Flow 19-1704] No user IP repositories specified
INFO: [IP_Flow 19-2313] Loaded Vivado IP repository 'D:/Vivado2017.4/Vivado/2017.4/data/ip'.
open_project: Time (s): cpu = 00:00:14 ; elapsed = 00:00:10 . Memory (MB): peak = 746.793 ; gain = 58.660
update_compile_order -fileset sources_1
update_compile_order -fileset sources_1
exit
INFO: [Common 17-206] Exiting Vivado at Thu Jan 23 20:26:11 2020...
